----------------------------------------
Start task prologue Thu Jun 19 00:22:03 CEST 2025
----------------------------------------
Step ID:         47713777.
Username:        denmon
Group:           artiintel
Asked resources: walltime=5:00,nodes=1,cpus=1,mem=64G
Queue:           batch
Compute nodes:   dccn-c089
----------------------------------------
End task prologue Thu Jun 19 00:22:03 CEST 2025
----------------------------------------

                            < M A T L A B (R) >
                  Copyright 1984-2024 The MathWorks, Inc.
                  R2024b (24.2.0.2712019) 64-bit (glnxa64)
                              August 22, 2024

 
To get started, type doc.
For product information, visit www.mathworks.com.
 
    79    79     3

        5000        6999
        5999        8000
        6999        8999
        8000       10000
       22999       24499
       25499       26999
       27999       29499
       30499       31999
       33000       34499
       35500       36999
       38000       39499
       40499       42000

Model defined
        1000       55000

slurmstepd: error: *** JOB 47713777 ON dccn-c089 CANCELLED AT 2025-06-19T00:27:05 DUE TO TIME LIMIT ***
----------------------------------------
Start job epilogue Thu Jun 19 00:27:08 CEST 2025
----------------------------------------
Job ID:          47713777
Job Exit Code:   0:0
Username:        denmon
Group:           artiintel
Queue:           batch
Compute nodes:   dccn-c089
Asked resources: walltime=5:00,nodes=1,cpus=1,mem=64G
Used resources:  cputime=00:05:03,walltime=00:05:03,memory=22G
----------------------------------------
End job epilogue Thu Jun 19 00:27:08 CEST 2025
----------------------------------------
