----------------------------------------
Start task prologue Sun Jun 29 01:46:33 CEST 2025
----------------------------------------
Step ID:         47837824.
Username:        denmon
Group:           artiintel
Asked resources: walltime=3-00:00:00,nodes=1,cpus=1,mem=64G
Queue:           batch
Compute nodes:   dccn-c045
----------------------------------------
End task prologue Sun Jun 29 01:46:33 CEST 2025
----------------------------------------

                            < M A T L A B (R) >
                  Copyright 1984-2024 The MathWorks, Inc.
                  R2024b (24.2.0.2712019) 64-bit (glnxa64)
                              August 22, 2024

 
To get started, type doc.
For product information, visit www.mathworks.com.
 
        5000        6999
        8000       10000
       11000       13000
       13999       15999
       22999       24499
       26999       28499
       30999       32499
       35000       36500
       39000       40499
       42999       44500
       47000       48500
       50999       52500

Model defined
slurmstepd: error: *** JOB 47837824 ON dccn-c045 CANCELLED AT 2025-06-29T01:50:18 ***
----------------------------------------
Start job epilogue Sun Jun 29 01:50:20 CEST 2025
----------------------------------------
Job ID:          47837824
Job Exit Code:   0:0
Username:        denmon
Group:           artiintel
Queue:           batch
Compute nodes:   dccn-c045
Asked resources: walltime=3-00:00:00,nodes=1,cpus=1,mem=64G
Used resources:  cputime=00:03:46,walltime=00:03:46,memory=77K
----------------------------------------
End job epilogue Sun Jun 29 01:50:20 CEST 2025
----------------------------------------
