----------------------------------------
Start task prologue Sat Jun 28 14:46:31 CEST 2025
----------------------------------------
Step ID:         47837616.
Username:        denmon
Group:           artiintel
Asked resources: walltime=1-00:00:00,nodes=1,cpus=1,mem=64G
Queue:           batch
Compute nodes:   dccn-c046
----------------------------------------
End task prologue Sat Jun 28 14:46:31 CEST 2025
----------------------------------------

                            < M A T L A B (R) >
                  Copyright 1984-2024 The MathWorks, Inc.
                  R2024b (24.2.0.2712019) 64-bit (glnxa64)
                              August 22, 2024

 
To get started, type doc.
For product information, visit www.mathworks.com.
 
        5000        6999
        5999        8000
        6999        8999
        8000       10000
       22999       24499
       25499       26999
       27999       29499
       30499       31999
       33000       34499
       35500       36999
       38000       39499
       40499       42000

Model defined
        1000       55000

        2000       55000

        3000       55000

        4000       55000

        5000       55000

        6000       55000

        7000       55000

        8000       55000

        9000       55000

       10000       55000

       11000       55000

       12000       55000

       13000       55000

       14000       55000

       15000       55000

       16000       55000

       17000       55000

       18000       55000

       19000       55000

       20000       55000

       21000       55000

       22000       55000

       23000       55000

       24000       55000

       25000       55000

       26000       55000

       27000       55000

       28000       55000

       29000       55000

       30000       55000

       31000       55000

       32000       55000

       33000       55000

       34000       55000

       35000       55000

       36000       55000

       37000       55000

       38000       55000

       39000       55000

       40000       55000

       41000       55000

       42000       55000

       43000       55000

       44000       55000

       45000       55000

       46000       55000

       47000       55000

       48000       55000

       49000       55000

       50000       55000

       51000       55000

       52000       55000

       53000       55000

       54000       55000

  Columns 1 through 7

         0    1.0000    6.0000    2.0000    7.0000    3.0000    8.0000
    1.0000    0.8197    0.7959    0.7758    0.7938    0.7418    0.7824
    2.0000    0.7763    0.8099    0.8252    0.7834    0.7332    0.8015
    3.0000    0.7530    0.7660    0.7463    0.7429    0.8101    0.7587
    4.0000    0.7913    0.7988    0.7812    0.7913    0.7473    0.7897

  Columns 8 through 9

    4.0000    9.0000
    0.7920    0.7906
    0.7829    0.7793
    0.7628    0.7468
    0.8198    0.7916

Mean memory performance: 0.8187
Memory performance per image:  0.8197 0.8252 0.8101 0.8198
----------------------------------------
Start job epilogue Sat Jun 28 15:32:35 CEST 2025
----------------------------------------
Job ID:          47837616
Job Exit Code:   0:0
Username:        denmon
Group:           artiintel
Queue:           batch
Compute nodes:   dccn-c046
Asked resources: walltime=1-00:00:00,nodes=1,cpus=1,mem=64G
Used resources:  cputime=00:46:04,walltime=00:46:04,memory=0
----------------------------------------
End job epilogue Sat Jun 28 15:32:35 CEST 2025
----------------------------------------
