----------------------------------------
Start task prologue Wed Jun 25 16:52:20 CEST 2025
----------------------------------------
Step ID:         47790648.
Username:        denmon
Group:           artiintel
Asked resources: walltime=3-00:00:00,nodes=1,cpus=1,mem=64G
Queue:           batch
Compute nodes:   dccn-c072
----------------------------------------
End task prologue Wed Jun 25 16:52:20 CEST 2025
----------------------------------------

                            < M A T L A B (R) >
                  Copyright 1984-2024 The MathWorks, Inc.
                  R2024b (24.2.0.2712019) 64-bit (glnxa64)
                              August 22, 2024

 
To get started, type doc.
For product information, visit www.mathworks.com.
 
    79    79     3

        5000        6999
        5999        8000
        6999        8999
        8000       10000
        9000       11000
       10000       11999
       11000       13000
       32000       33500
       34500       36000
       37000       38500
       39500       41000
       42000       43500
       44500       46000
       47000       48500
       49500       51000
       52000       53500
       54500       56000
       57000       58500
       59500       61000
       62000       63500
       64500       66000

Model defined
        1000       88000

        2000       88000

        3000       88000

        4000       88000

        5000       88000

        6000       88000

        7000       88000

        8000       88000

        9000       88000

       10000       88000

       11000       88000

       12000       88000

       13000       88000

       14000       88000

       15000       88000

       16000       88000

       17000       88000

       18000       88000

       19000       88000

       20000       88000

       21000       88000

       22000       88000

       23000       88000

       24000       88000

       25000       88000

       26000       88000

       27000       88000

       28000       88000

       29000       88000

       30000       88000

