----------------------------------------
Start task prologue Wed Jun 25 17:02:07 CEST 2025
----------------------------------------
Step ID:         47790657.
Username:        denmon
Group:           artiintel
Asked resources: walltime=3-00:00:00,nodes=1,cpus=1,mem=64G
Queue:           batch
Compute nodes:   dccn-c075
----------------------------------------
End task prologue Wed Jun 25 17:02:07 CEST 2025
----------------------------------------

                            < M A T L A B (R) >
                  Copyright 1984-2024 The MathWorks, Inc.
                  R2024b (24.2.0.2712019) 64-bit (glnxa64)
                              August 22, 2024

 
To get started, type doc.
For product information, visit www.mathworks.com.
 
    79    79     3

        5000        6999
        5999        8000
        6999        8999
        8000       10000
       22999       24499
       25499       26999
       27999       29499
       30499       31999
       33000       34499
       35500       36999
       38000       39499
       40499       42000

Model defined
        1000       55000

        2000       55000

        3000       55000

        4000       55000

        5000       55000

        6000       55000

        7000       55000

        8000       55000

        9000       55000

       10000       55000

       11000       55000

       12000       55000

       13000       55000

       14000       55000

       15000       55000

       16000       55000

       17000       55000

       18000       55000

       19000       55000

       20000       55000

       21000       55000

       22000       55000

       23000       55000

       24000       55000

       25000       55000

       26000       55000

       27000       55000

       28000       55000

       29000       55000

       30000       55000

       31000       55000

