----------------------------------------
Start task prologue Thu Jun 19 00:39:35 CEST 2025
----------------------------------------
Step ID:         47713783.
Username:        denmon
Group:           artiintel
Asked resources: walltime=3-00:00:00,nodes=1,cpus=1,mem=64G
Queue:           batch
Compute nodes:   dccn-c089
----------------------------------------
End task prologue Thu Jun 19 00:39:35 CEST 2025
----------------------------------------

                            < M A T L A B (R) >
                  Copyright 1984-2024 The MathWorks, Inc.
                  R2024b (24.2.0.2712019) 64-bit (glnxa64)
                              August 22, 2024

 
To get started, type doc.
For product information, visit www.mathworks.com.
 
----------------------------------------
Start job epilogue Thu Jun 19 00:40:01 CEST 2025
----------------------------------------
Job ID:          47713783
Job Exit Code:   0:0
Username:        denmon
Group:           artiintel
Queue:           batch
Compute nodes:   dccn-c089
Asked resources: walltime=3-00:00:00,nodes=1,cpus=1,mem=64G
Used resources:  cputime=00:00:27,walltime=00:00:27,memory=0
----------------------------------------
End job epilogue Thu Jun 19 00:40:01 CEST 2025
----------------------------------------
